<?xml version="1.0" encoding="UTF-8"?>
<testsuite xmlns:xsi="http://www.w3.org/2001/XMLSchema-instance" xsi:noNamespaceSchemaLocation="https://maven.apache.org/surefire/maven-surefire-plugin/xsd/surefire-test-report-3.0.xsd" version="3.0" name="address.data.AddressBookTest" time="4.727" tests="8" errors="0" skipped="0" failures="0">
  <properties>
    <property name="java.specification.version" value="21"/>
    <property name="sun.cpu.isalist" value="amd64"/>
    <property name="sun.jnu.encoding" value="Cp1252"/>
    <property name="java.class.path" value="C:\Users\kukuo\Downloads\disqueimportante\proyecto\address_book\target\test-classes;C:\Users\kukuo\Downloads\disqueimportante\proyecto\address_book\target\classes;C:\Users\kukuo\.m2\repository\junit\junit\4.13.2\junit-4.13.2.jar;C:\Users\kukuo\.m2\repository\org\hamcrest\hamcrest-core\1.3\hamcrest-core-1.3.jar;C:\Users\kukuo\.m2\repository\org\mockito\mockito-core\4.0.0\mockito-core-4.0.0.jar;C:\Users\kukuo\.m2\repository\net\bytebuddy\byte-buddy\1.11.19\byte-buddy-1.11.19.jar;C:\Users\kukuo\.m2\repository\net\bytebuddy\byte-buddy-agent\1.11.19\byte-buddy-agent-1.11.19.jar;C:\Users\kukuo\.m2\repository\org\objenesis\objenesis\3.2\objenesis-3.2.jar;C:\Users\kukuo\.m2\repository\org\mockito\mockito-junit-jupiter\4.0.0\mockito-junit-jupiter-4.0.0.jar;C:\Users\kukuo\.m2\repository\org\junit\jupiter\junit-jupiter-api\5.8.1\junit-jupiter-api-5.8.1.jar;C:\Users\kukuo\.m2\repository\org\opentest4j\opentest4j\1.2.0\opentest4j-1.2.0.jar;C:\Users\kukuo\.m2\repository\org\junit\platform\junit-platform-commons\1.8.1\junit-platform-commons-1.8.1.jar;C:\Users\kukuo\.m2\repository\org\apiguardian\apiguardian-api\1.1.2\apiguardian-api-1.1.2.jar;"/>
    <property name="sun.awt.enableExtraMouseButtons" value="true"/>
    <property name="java.vm.vendor" value="Oracle Corporation"/>
    <property name="sun.arch.data.model" value="64"/>
    <property name="user.variant" value=""/>
    <property name="java.vendor.url" value="https://java.oracle.com/"/>
    <property name="user.timezone" value="America/Ciudad_Juarez"/>
    <property name="user.country.format" value="US"/>
    <property name="os.name" value="Windows 11"/>
    <property name="java.vm.specification.version" value="21"/>
    <property name="sun.java.launcher" value="SUN_STANDARD"/>
    <property name="user.country" value="ES"/>
    <property name="sun.boot.library.path" value="C:\Program Files\Java\jdk-21\bin"/>
    <property name="sun.java.command" value="C:\Users\kukuo\AppData\Local\Temp\surefire13161321024372450749\surefirebooter-20240605213538706_3.jar C:\Users\kukuo\AppData\Local\Temp\surefire13161321024372450749 2024-06-05T21-35-38_580-jvmRun1 surefire-20240605213538706_1tmp surefire_0-20240605213538706_2tmp"/>
    <property name="jdk.debug" value="release"/>
    <property name="surefire.test.class.path" value="C:\Users\kukuo\Downloads\disqueimportante\proyecto\address_book\target\test-classes;C:\Users\kukuo\Downloads\disqueimportante\proyecto\address_book\target\classes;C:\Users\kukuo\.m2\repository\junit\junit\4.13.2\junit-4.13.2.jar;C:\Users\kukuo\.m2\repository\org\hamcrest\hamcrest-core\1.3\hamcrest-core-1.3.jar;C:\Users\kukuo\.m2\repository\org\mockito\mockito-core\4.0.0\mockito-core-4.0.0.jar;C:\Users\kukuo\.m2\repository\net\bytebuddy\byte-buddy\1.11.19\byte-buddy-1.11.19.jar;C:\Users\kukuo\.m2\repository\net\bytebuddy\byte-buddy-agent\1.11.19\byte-buddy-agent-1.11.19.jar;C:\Users\kukuo\.m2\repository\org\objenesis\objenesis\3.2\objenesis-3.2.jar;C:\Users\kukuo\.m2\repository\org\mockito\mockito-junit-jupiter\4.0.0\mockito-junit-jupiter-4.0.0.jar;C:\Users\kukuo\.m2\repository\org\junit\jupiter\junit-jupiter-api\5.8.1\junit-jupiter-api-5.8.1.jar;C:\Users\kukuo\.m2\repository\org\opentest4j\opentest4j\1.2.0\opentest4j-1.2.0.jar;C:\Users\kukuo\.m2\repository\org\junit\platform\junit-platform-commons\1.8.1\junit-platform-commons-1.8.1.jar;C:\Users\kukuo\.m2\repository\org\apiguardian\apiguardian-api\1.1.2\apiguardian-api-1.1.2.jar;"/>
    <property name="sun.cpu.endian" value="little"/>
    <property name="user.home" value="C:\Users\kukuo"/>
    <property name="user.language" value="es"/>
    <property name="java.specification.vendor" value="Oracle Corporation"/>
    <property name="java.version.date" value="2023-10-17"/>
    <property name="java.home" value="C:\Program Files\Java\jdk-21"/>
    <property name="file.separator" value="\"/>
    <property name="basedir" value="C:\Users\kukuo\Downloads\disqueimportante\proyecto\address_book"/>
    <property name="java.vm.compressedOopsMode" value="Zero based"/>
    <property name="line.separator" value="&#10;"/>
    <property name="java.vm.specification.vendor" value="Oracle Corporation"/>
    <property name="java.specification.name" value="Java Platform API Specification"/>
    <property name="surefire.real.class.path" value="C:\Users\kukuo\AppData\Local\Temp\surefire13161321024372450749\surefirebooter-20240605213538706_3.jar"/>
    <property name="user.script" value=""/>
    <property name="sun.management.compiler" value="HotSpot 64-Bit Tiered Compilers"/>
    <property name="java.runtime.version" value="21.0.1+12-LTS-29"/>
    <property name="user.name" value="kukuo"/>
    <property name="stdout.encoding" value="Cp1252"/>
    <property name="path.separator" value=";"/>
    <property name="os.version" value="10.0"/>
    <property name="java.runtime.name" value="Java(TM) SE Runtime Environment"/>
    <property name="file.encoding" value="UTF-8"/>
    <property name="java.vm.name" value="Java HotSpot(TM) 64-Bit Server VM"/>
    <property name="localRepository" value="C:\Users\kukuo\.m2\repository"/>
    <property name="java.vendor.url.bug" value="https://bugreport.java.com/bugreport/"/>
    <property name="java.io.tmpdir" value="C:\Users\kukuo\AppData\Local\Temp\"/>
    <property name="java.version" value="21.0.1"/>
    <property name="user.dir" value="C:\Users\kukuo\Downloads\disqueimportante\proyecto\address_book"/>
    <property name="os.arch" value="amd64"/>
    <property name="java.vm.specification.name" value="Java Virtual Machine Specification"/>
    <property name="user.language.format" value="en"/>
    <property name="sun.os.patch.level" value=""/>
    <property name="native.encoding" value="Cp1252"/>
    <property name="java.library.path" value="C:\Program Files\Java\jdk-21\bin;C:\Windows\Sun\Java\bin;C:\Windows\system32;C:\Windows;C:\Program Files\Oculus\Support\oculus-runtime;C:\Python312\Scripts\;C:\Python312\;C:\Program Files\Common Files\Oracle\Java\javapath;C:\Windows\system32;C:\Windows;C:\Windows\System32\Wbem;C:\Windows\System32\WindowsPowerShell\v1.0\;C:\Windows\System32\OpenSSH\;C:\Program Files (x86)\NVIDIA Corporation\PhysX\Common;C:\xampp\mysql\bin;C:\Program Files\GitHub CLI\;C:\Program Files\dotnet\;C:\Program Files\nodejs\;C:\ProgramData\chocolatey\bin;C:\Program Files\Neovim\bin;C:\Users\kukuo\Downloads\micro-2.0.13-win64\micro-2.0.13;C:\Program Files\Docker\Docker\resources\bin;C:\Program Files\Cloudflare\Cloudflare WARP\;C:\Program Files\Kubernetes\Minikube;C:\apache-maven-3.9.6\bin;C:\Program Files\Java\jdk-21\bin;C:\Program Files\Git\cmd;C:\Python312\Scripts\;C:\Python312\;C:\Program Files\Common Files\Oracle\Java\javapath;C:\Windows\system32;C:\Windows;C:\Windows\System32\Wbem;C:\Windows\System32\WindowsPowerShell\v1.0\;C:\Windows\System32\OpenSSH\;C:\Program Files (x86)\NVIDIA Corporation\PhysX\Common;C:\Program Files\NVIDIA Corporation\NVIDIA NvDLISR;C:\xampp\mysql\bin;C:\Program Files\GitHub CLI\;C:\Program Files\Git\cmd;C:\Program Files\dotnet\;C:\Program Files\nodejs\;C:\ProgramData\chocolatey\bin;C:\Program Files\Neovim\bin;C:\Users\kukuo\Downloads\micro-2.0.13-win64\micro-2.0.13;C:\Program Files\Docker\Docker\resources\bin;C:\Program Files\Cloudflare\Cloudflare WARP\;C:\Program Files\Kubernetes\Minikube;C:\Program Files\MySQL\MySQL Shell 8.0\bin\;C:\Users\kukuo\AppData\Local\Microsoft\WindowsApps;C:\Users\kukuo\AppData\Local\Programs\Microsoft VS Code\bin;C:\Users\kukuo\.dotnet\tools;C:\Users\kukuo\AppData\Roaming\npm;C:\Program Files\Neovim\bin;C:\Program Files (x86)\Nmap;C:\Users\kukuo\AppData\Local\Microsoft\WinGet\Packages\Helm.H;C:\Program Files\JetBrains\IntelliJ IDEA 2024.1.1\bin;;C:\apache-maven-3.9.6\bin;;."/>
    <property name="java.vm.info" value="mixed mode, sharing"/>
    <property name="stderr.encoding" value="Cp1252"/>
    <property name="java.vendor" value="Oracle Corporation"/>
    <property name="java.vm.version" value="21.0.1+12-LTS-29"/>
    <property name="sun.io.unicode.encoding" value="UnicodeLittle"/>
    <property name="java.class.version" value="65.0"/>
  </properties>
  <testcase name="testSingletonInstance" classname="address.data.AddressBookTest" time="0.004"/>
  <testcase name="testIsValidAddressEntry" classname="address.data.AddressBookTest" time="0.001"/>
  <testcase name="testAddAddress" classname="address.data.AddressBookTest" time="0.019">
    <system-out><![CDATA[&amp#27;[1m&amp#27;[38;2;122;83;179m0	&amp#27;[0m&amp#27;[38;2;255;255;255mPrimera entrada Primera entrada única para pruebas
	Antigua Coatzacoalcos, Veracruz 96536
	primero@gmail.com	9211111111
&amp#27;[0m
&amp#27;[1m&amp#27;[38;2;122;83;179m1	&amp#27;[0m&amp#27;[38;2;255;255;255mSegunda entrada Segunda entrada única para pruebas
	Antigua Coatzacoalcos, Veracruz 96536
	segundo@gmail.com	9212222222
&amp#27;[0m
]]></system-out>
    <system-err><![CDATA[&amp#27;[48;2;255;0;0m&amp#27;[1m&amp#27;[38;2;255;255;255m[Error al escribir en el archivo] address_book\src\main\resources\AddressBook.txt&amp#27;[0m
&amp#27;[48;2;255;0;0m&amp#27;[1m&amp#27;[38;2;255;255;255m[Error al escribir en el archivo] address_book\src\main\resources\AddressBook.txt&amp#27;[0m
]]></system-err>
  </testcase>
  <testcase name="testShowAllAddress" classname="address.data.AddressBookTest" time="0.008">
    <system-out><![CDATA[&amp#27;[38;2;245;213;99m¡Este contacto ya existe! &amp#27;[0mPrimera entrada Primera entrada única para pruebas Antigua Coatzacoalcos Veracruz 96536 primero@gmail.com 9211111111
&amp#27;[38;2;245;213;99m¡Este contacto ya existe! &amp#27;[0mSegunda entrada Segunda entrada única para pruebas Antigua Coatzacoalcos Veracruz 96536 segundo@gmail.com 9212222222
]]></system-out>
  </testcase>
  <testcase name="testYesDeleteAddress" classname="address.data.AddressBookTest" time="0.001">
    <system-out><![CDATA[&amp#27;[38;2;245;213;99m¡Este contacto ya existe! &amp#27;[0mPrimera entrada Primera entrada única para pruebas Antigua Coatzacoalcos Veracruz 96536 primero@gmail.com 9211111111
&amp#27;[1m&amp#27;[38;2;122;83;179m0	&amp#27;[0m&amp#27;[38;2;255;255;255mPrimera entrada Primera entrada única para pruebas
	Antigua Coatzacoalcos, Veracruz 96536
	primero@gmail.com	9211111111
&amp#27;[0m
&amp#27;[1m&amp#27;[38;2;122;83;179m0	&amp#27;[0m&amp#27;[38;2;255;255;255mPrimera entrada Primera entrada única para pruebas
	Antigua Coatzacoalcos, Veracruz 96536
	primero@gmail.com	9211111111
&amp#27;[0m
Ingresar &amp#27;[1m&amp#27;[38;2;111;178;9mY&amp#27;[0m eliminará todos los registros.
Ingresar &amp#27;[1m&amp#27;[38;2;111;178;9mY [número] [número_2]&amp#27;[0m eliminará los registros seleccionados.
Ingresar &amp#27;[1m&amp#27;[38;2;255;0;0mN&amp#27;[0m no eliminará ningún contacto.
&amp#27;[38;2;245;213;99mIngresa una opción válida: &amp#27;[0m]]></system-out>
    <system-err><![CDATA[&amp#27;[48;2;255;0;0m&amp#27;[1m&amp#27;[38;2;255;255;255m[Error al manipular el archivo] address_book\src\main\resources\AddressBook.txt&amp#27;[0m
]]></system-err>
  </testcase>
  <testcase name="testAddAddressFromFileWithValidFile" classname="address.data.AddressBookTest" time="4.679">
    <system-out><![CDATA[false
&amp#27;[38;2;111;178;9m[Archivo procesado correctamente]&amp#27;[0m
C:\Users\kukuo\Downloads\disqueimportante\proyecto\address_book\src\test\java\resources\testAddressBook.txt
false
&amp#27;[38;2;245;213;99m¡Este contacto ya existe! &amp#27;[0mAdrián Herrera Jeronimo Antigua 12 Coatzacoalcos Veracruz 96536 zS22017018@estudiantes.uv.mx 9211430623
&amp#27;[38;2;245;213;99m¡Este contacto ya existe! &amp#27;[0mJuan Arias Revolución 22 Minatitlán Veracruz 94233 juan@gmail.com 9224236652
&amp#27;[38;2;245;213;99m¡Este contacto ya existe! &amp#27;[0mMaria Flores Roble 18 Coatzacoalcos Veracruz 96535 maria@gmail.com 9214233245
&amp#27;[38;2;245;213;99m¡Este contacto ya existe! &amp#27;[0mNorma Perez Juan Escutia 1022 Minatitlán Veracruz 95000 norma@gmail.com 9226666555
&amp#27;[38;2;245;213;99m¡Este contacto ya existe! &amp#27;[0mJosé Camacho Independencia 142 Xalapa Veracruz 96400 josec@gmail.com 9284236652
&amp#27;[38;2;245;213;99m¡Este contacto ya existe! &amp#27;[0mCarlos Alberto Carmona Buenos Aires Coatzacoalcos Veracruz 96534 betolandia@gmail.com 9211231236
&amp#27;[38;2;111;178;9m[Archivo procesado correctamente]&amp#27;[0m
C:\Users\kukuo\Downloads\disqueimportante\proyecto\address_book\src\test\java\resources\testAddressBook.txt
]]></system-out>
  </testcase>
  <testcase name="testNoDeleteAddress" classname="address.data.AddressBookTest" time="0.002">
    <system-out><![CDATA[&amp#27;[38;2;245;213;99m¡Este contacto ya existe! &amp#27;[0mSegunda entrada Segunda entrada única para pruebas Antigua Coatzacoalcos Veracruz 96536 segundo@gmail.com 9212222222
&amp#27;[1m&amp#27;[38;2;122;83;179m6	&amp#27;[0m&amp#27;[38;2;255;255;255mSegunda entrada Segunda entrada única para pruebas
	Antigua Coatzacoalcos, Veracruz 96536
	segundo@gmail.com	9212222222
&amp#27;[0m
&amp#27;[1m&amp#27;[38;2;122;83;179m6	&amp#27;[0m&amp#27;[38;2;255;255;255mSegunda entrada Segunda entrada única para pruebas
	Antigua Coatzacoalcos, Veracruz 96536
	segundo@gmail.com	9212222222
&amp#27;[0m
Ingresar &amp#27;[1m&amp#27;[38;2;111;178;9mY&amp#27;[0m eliminará todos los registros.
Ingresar &amp#27;[1m&amp#27;[38;2;111;178;9mY [número] [número_2]&amp#27;[0m eliminará los registros seleccionados.
Ingresar &amp#27;[1m&amp#27;[38;2;255;0;0mN&amp#27;[0m no eliminará ningún contacto.
&amp#27;[38;2;245;213;99mIngresa una opción válida: &amp#27;[0m&amp#27;[48;2;255;0;0m&amp#27;[1m&amp#27;[38;2;255;255;255m[Operación cancelada]&amp#27;[0m Se seleccionó cancelar la operación
&amp#27;[1m&amp#27;[38;2;122;83;179m6	&amp#27;[0m&amp#27;[38;2;255;255;255mSegunda entrada Segunda entrada única para pruebas
	Antigua Coatzacoalcos, Veracruz 96536
	segundo@gmail.com	9212222222
&amp#27;[0m
]]></system-out>
  </testcase>
  <testcase name="testSearchAddress" classname="address.data.AddressBookTest" time="0.002">
    <system-out><![CDATA[&amp#27;[38;2;245;213;99m¡Este contacto ya existe! &amp#27;[0mSegunda entrada Segunda entrada única para pruebas Antigua Coatzacoalcos Veracruz 96536 segundo@gmail.com 9212222222
&amp#27;[1m&amp#27;[38;2;122;83;179m6	&amp#27;[0m&amp#27;[38;2;255;255;255mPrimera entrada Primera entrada única para pruebas
	Antigua Coatzacoalcos, Veracruz 96536
	primero@gmail.com	9211111111
&amp#27;[0m
&amp#27;[1m&amp#27;[38;2;122;83;179m7	&amp#27;[0m&amp#27;[38;2;255;255;255mSegunda entrada Segunda entrada única para pruebas
	Antigua Coatzacoalcos, Veracruz 96536
	segundo@gmail.com	9212222222
&amp#27;[0m
]]></system-out>
    <system-err><![CDATA[&amp#27;[48;2;255;0;0m&amp#27;[1m&amp#27;[38;2;255;255;255m[Error al escribir en el archivo] address_book\src\main\resources\AddressBook.txt&amp#27;[0m
]]></system-err>
  </testcase>
</testsuite>